#! /c/Source/iverilog-install/bin/vvp
:ivl_version "12.0 (devel)" "(s20150603-1110-g18392a46)";
:ivl_delay_selection "TYPICAL";
:vpi_time_precision + 0;
:vpi_module "C:\iverilog\lib\ivl\system.vpi";
:vpi_module "C:\iverilog\lib\ivl\vhdl_sys.vpi";
:vpi_module "C:\iverilog\lib\ivl\vhdl_textio.vpi";
:vpi_module "C:\iverilog\lib\ivl\v2005_math.vpi";
:vpi_module "C:\iverilog\lib\ivl\va_math.vpi";
S_000001a10d4d6320 .scope module, "tb_OneCounterPredictorTest" "tb_OneCounterPredictorTest" 2 1;
 .timescale 0 0;
v000001a10d53fdb0_0 .var "ADDR", 2 0;
v000001a10d5427c0_0 .var "CLOCK", 0 0;
v000001a10d542a40_0 .var "INIT", 0 0;
v000001a10d542720_0 .net "MISSES", 15 0, L_000001a10d4d9ba0;  1 drivers
v000001a10d541b40_0 .var "OUTCOME", 0 0;
v000001a10d541820_0 .net "PREDICTION", 0 0, L_000001a10d4d9c10;  1 drivers
S_000001a10d4d64b0 .scope module, "uut" "OneCounterPredictor" 2 32, 3 1 0, S_000001a10d4d6320;
 .timescale 0 0;
    .port_info 0 /INPUT 1 "CLOCK";
    .port_info 1 /INPUT 1 "INIT";
    .port_info 2 /INPUT 3 "ADDR";
    .port_info 3 /INPUT 1 "OUTCOME";
    .port_info 4 /OUTPUT 1 "PREDICTION";
    .port_info 5 /OUTPUT 16 "MISSES";
L_000001a10d4d9c10 .functor BUFZ 1, v000001a10d53ff90_0, C4<0>, C4<0>, C4<0>;
v000001a10d53f450_0 .net "A", 0 0, L_000001a10d4d9a50;  1 drivers
v000001a10d540710_0 .net "ADDR", 2 0, v000001a10d53fdb0_0;  1 drivers
v000001a10d540850_0 .net "B", 0 0, L_000001a10d4d8fd0;  1 drivers
v000001a10d540b70_0 .net "CLOCK", 0 0, v000001a10d5427c0_0;  1 drivers
v000001a10d53f4f0_0 .net "INIT", 0 0, v000001a10d542a40_0;  1 drivers
v000001a10d53f090_0 .net "MISSES", 15 0, L_000001a10d4d9ba0;  alias, 1 drivers
v000001a10d5402b0_0 .net "OUTCOME", 0 0, v000001a10d541b40_0;  1 drivers
v000001a10d53fb30_0 .net "PREDICTION", 0 0, L_000001a10d4d9c10;  alias, 1 drivers
v000001a10d5408f0_0 .net "PREDICTION_wire", 0 0, v000001a10d53ff90_0;  1 drivers
L_000001a10d5f02c8 .functor BUFT 1, C4<000000000000000>, C4<0>, C4<0>, C4<0>;
v000001a10d540c10_0 .net/2u *"_ivl_11", 14 0, L_000001a10d5f02c8;  1 drivers
v000001a10d540cb0_0 .net "addr_out", 2 0, L_000001a10d4d9b30;  1 drivers
v000001a10d53f590_0 .net "demmiss0", 0 0, L_000001a10d542f40;  1 drivers
v000001a10d53f630_0 .net "demmiss1", 0 0, L_000001a10d5415a0;  1 drivers
v000001a10d53f9f0_0 .net "demout0", 0 0, L_000001a10d542cc0;  1 drivers
v000001a10d53fc70_0 .net "demout1", 0 0, L_000001a10d542860;  1 drivers
v000001a10d53fd10_0 .net "miss_in", 15 0, L_000001a10d542ea0;  1 drivers
L_000001a10d541fa0 .part L_000001a10d542ea0, 0, 1;
L_000001a10d541be0 .part L_000001a10d542ea0, 0, 1;
L_000001a10d542ea0 .concat8 [ 1 15 0 0], L_000001a10d4d9ac0, L_000001a10d5f02c8;
S_000001a10d4c7fb0 .scope module, "comp" "comparator" 3 53, 4 1 0, S_000001a10d4d64b0;
 .timescale 0 0;
    .port_info 0 /INPUT 1 "CLOCK";
    .port_info 1 /INPUT 1 "INIT";
    .port_info 2 /INPUT 1 "OUTCOME";
    .port_info 3 /INPUT 3 "ADDR";
    .port_info 4 /INPUT 1 "PREDICTION";
    .port_info 5 /OUTPUT 3 "ADDR_W";
    .port_info 6 /OUTPUT 1 "MISS";
L_000001a10d4d9ac0 .functor XOR 1, v000001a10d541b40_0, v000001a10d53ff90_0, C4<0>, C4<0>;
L_000001a10d4d9b30 .functor BUFZ 3, v000001a10d53fdb0_0, C4<000>, C4<000>, C4<000>;
v000001a10d4bbb00_0 .net "ADDR", 2 0, v000001a10d53fdb0_0;  alias, 1 drivers
v000001a10d4bb600_0 .net "ADDR_W", 2 0, L_000001a10d4d9b30;  alias, 1 drivers
v000001a10d4bb6a0_0 .net "CLOCK", 0 0, v000001a10d5427c0_0;  alias, 1 drivers
v000001a10d4bc000_0 .net "INIT", 0 0, v000001a10d542a40_0;  alias, 1 drivers
v000001a10d4bc1e0_0 .net "MISS", 0 0, L_000001a10d4d9ac0;  1 drivers
v000001a10d4bbba0_0 .net "OUTCOME", 0 0, v000001a10d541b40_0;  alias, 1 drivers
v000001a10d4bbe20_0 .net "PREDICTION", 0 0, v000001a10d53ff90_0;  alias, 1 drivers
S_000001a10d4c8140 .scope module, "countM" "counter" 3 63, 5 1 0, S_000001a10d4d64b0;
 .timescale 0 0;
    .port_info 0 /INPUT 1 "CLOCK";
    .port_info 1 /INPUT 1 "INIT";
    .port_info 2 /INPUT 1 "MISS";
    .port_info 3 /OUTPUT 16 "MISSES";
L_000001a10d4d9ba0 .functor BUFZ 16, v000001a10d4bc3c0_0, C4<0000000000000000>, C4<0000000000000000>, C4<0000000000000000>;
v000001a10d4bb740_0 .net "CLOCK", 0 0, v000001a10d5427c0_0;  alias, 1 drivers
v000001a10d4bc280_0 .net "INIT", 0 0, v000001a10d542a40_0;  alias, 1 drivers
v000001a10d4bc320_0 .net "MISS", 0 0, L_000001a10d541be0;  1 drivers
v000001a10d4bbce0_0 .net "MISSES", 15 0, L_000001a10d4d9ba0;  alias, 1 drivers
v000001a10d4bc3c0_0 .var "temp", 15 0;
E_000001a10d4c2e80 .event posedge, v000001a10d4bb6a0_0;
S_000001a10d4c82d0 .scope module, "demux" "demultiplexer" 3 20, 6 1 0, S_000001a10d4d64b0;
 .timescale 0 0;
    .port_info 0 /OUTPUT 1 "out0";
    .port_info 1 /OUTPUT 1 "miss0";
    .port_info 2 /OUTPUT 1 "out1";
    .port_info 3 /OUTPUT 1 "miss1";
    .port_info 4 /INPUT 3 "ADDR";
    .port_info 5 /INPUT 1 "OUTCOME";
    .port_info 6 /INPUT 1 "MISS";
v000001a10d4bb7e0_0 .net "ADDR", 2 0, v000001a10d53fdb0_0;  alias, 1 drivers
v000001a10d4bb880_0 .net "MISS", 0 0, L_000001a10d541fa0;  1 drivers
v000001a10d540490_0 .net "OUTCOME", 0 0, v000001a10d541b40_0;  alias, 1 drivers
L_000001a10d5f0088 .functor BUFT 1, C4<001>, C4<0>, C4<0>, C4<0>;
v000001a10d53fe50_0 .net/2u *"_ivl_0", 2 0, L_000001a10d5f0088;  1 drivers
v000001a10d5407b0_0 .net *"_ivl_10", 0 0, L_000001a10d5411e0;  1 drivers
L_000001a10d5f0160 .functor BUFT 1, C4<0>, C4<0>, C4<0>, C4<0>;
v000001a10d53f130_0 .net/2u *"_ivl_12", 0 0, L_000001a10d5f0160;  1 drivers
L_000001a10d5f01a8 .functor BUFT 1, C4<010>, C4<0>, C4<0>, C4<0>;
v000001a10d5400d0_0 .net/2u *"_ivl_16", 2 0, L_000001a10d5f01a8;  1 drivers
v000001a10d540ad0_0 .net *"_ivl_18", 0 0, L_000001a10d541500;  1 drivers
v000001a10d53f8b0_0 .net *"_ivl_2", 0 0, L_000001a10d542e00;  1 drivers
L_000001a10d5f01f0 .functor BUFT 1, C4<0>, C4<0>, C4<0>, C4<0>;
v000001a10d540990_0 .net/2u *"_ivl_20", 0 0, L_000001a10d5f01f0;  1 drivers
L_000001a10d5f0238 .functor BUFT 1, C4<010>, C4<0>, C4<0>, C4<0>;
v000001a10d540170_0 .net/2u *"_ivl_24", 2 0, L_000001a10d5f0238;  1 drivers
v000001a10d540d50_0 .net *"_ivl_26", 0 0, L_000001a10d542d60;  1 drivers
L_000001a10d5f0280 .functor BUFT 1, C4<0>, C4<0>, C4<0>, C4<0>;
v000001a10d540f30_0 .net/2u *"_ivl_28", 0 0, L_000001a10d5f0280;  1 drivers
L_000001a10d5f00d0 .functor BUFT 1, C4<0>, C4<0>, C4<0>, C4<0>;
v000001a10d540530_0 .net/2u *"_ivl_4", 0 0, L_000001a10d5f00d0;  1 drivers
L_000001a10d5f0118 .functor BUFT 1, C4<001>, C4<0>, C4<0>, C4<0>;
v000001a10d5405d0_0 .net/2u *"_ivl_8", 2 0, L_000001a10d5f0118;  1 drivers
v000001a10d540350_0 .net "miss0", 0 0, L_000001a10d542f40;  alias, 1 drivers
v000001a10d53f770_0 .net "miss1", 0 0, L_000001a10d5415a0;  alias, 1 drivers
v000001a10d53f270_0 .net "out0", 0 0, L_000001a10d542cc0;  alias, 1 drivers
v000001a10d540df0_0 .net "out1", 0 0, L_000001a10d542860;  alias, 1 drivers
L_000001a10d542e00 .cmp/eq 3, v000001a10d53fdb0_0, L_000001a10d5f0088;
L_000001a10d542cc0 .functor MUXZ 1, L_000001a10d5f00d0, v000001a10d541b40_0, L_000001a10d542e00, C4<>;
L_000001a10d5411e0 .cmp/eq 3, v000001a10d53fdb0_0, L_000001a10d5f0118;
L_000001a10d542f40 .functor MUXZ 1, L_000001a10d5f0160, L_000001a10d541fa0, L_000001a10d5411e0, C4<>;
L_000001a10d541500 .cmp/eq 3, v000001a10d53fdb0_0, L_000001a10d5f01a8;
L_000001a10d542860 .functor MUXZ 1, L_000001a10d5f01f0, v000001a10d541b40_0, L_000001a10d541500, C4<>;
L_000001a10d542d60 .cmp/eq 3, v000001a10d53fdb0_0, L_000001a10d5f0238;
L_000001a10d5415a0 .functor MUXZ 1, L_000001a10d5f0280, L_000001a10d541fa0, L_000001a10d542d60, C4<>;
S_000001a10d4d48c0 .scope module, "firstCount" "counterOne" 3 30, 7 1 0, S_000001a10d4d64b0;
 .timescale 0 0;
    .port_info 0 /INPUT 1 "CLOCK";
    .port_info 1 /INPUT 1 "INIT";
    .port_info 2 /INPUT 1 "OUTCOME";
    .port_info 3 /INPUT 1 "MISS";
    .port_info 4 /OUTPUT 1 "PREDICTION";
L_000001a10d4d9a50 .functor BUFZ 1, v000001a10d53f1d0_0, C4<0>, C4<0>, C4<0>;
v000001a10d540030_0 .net "CLOCK", 0 0, v000001a10d5427c0_0;  alias, 1 drivers
v000001a10d540210_0 .net "INIT", 0 0, v000001a10d542a40_0;  alias, 1 drivers
v000001a10d540a30_0 .net "MISS", 0 0, L_000001a10d542f40;  alias, 1 drivers
v000001a10d5403f0_0 .net "OUTCOME", 0 0, L_000001a10d542cc0;  alias, 1 drivers
v000001a10d53f6d0_0 .net "PREDICTION", 0 0, L_000001a10d4d9a50;  alias, 1 drivers
v000001a10d53f1d0_0 .var "count", 0 0;
S_000001a10d4d4a50 .scope module, "mux" "Multiplexer" 3 46, 8 1 0, S_000001a10d4d64b0;
 .timescale 0 0;
    .port_info 0 /INPUT 1 "A";
    .port_info 1 /INPUT 1 "B";
    .port_info 2 /INPUT 3 "ADDR";
    .port_info 3 /OUTPUT 1 "OUTPUT";
v000001a10d53f950_0 .net "A", 0 0, L_000001a10d4d9a50;  alias, 1 drivers
v000001a10d53fef0_0 .net "ADDR", 2 0, v000001a10d53fdb0_0;  alias, 1 drivers
v000001a10d53f810_0 .net "B", 0 0, L_000001a10d4d8fd0;  alias, 1 drivers
v000001a10d53ff90_0 .var "OUTPUT", 0 0;
E_000001a10d4c3180 .event anyedge, v000001a10d4bbb00_0, v000001a10d53f6d0_0, v000001a10d53f810_0;
S_000001a10d4d0970 .scope module, "secondCount" "counterOne" 3 38, 7 1 0, S_000001a10d4d64b0;
 .timescale 0 0;
    .port_info 0 /INPUT 1 "CLOCK";
    .port_info 1 /INPUT 1 "INIT";
    .port_info 2 /INPUT 1 "OUTCOME";
    .port_info 3 /INPUT 1 "MISS";
    .port_info 4 /OUTPUT 1 "PREDICTION";
L_000001a10d4d8fd0 .functor BUFZ 1, v000001a10d540e90_0, C4<0>, C4<0>, C4<0>;
v000001a10d53fbd0_0 .net "CLOCK", 0 0, v000001a10d5427c0_0;  alias, 1 drivers
v000001a10d53f310_0 .net "INIT", 0 0, v000001a10d542a40_0;  alias, 1 drivers
v000001a10d540670_0 .net "MISS", 0 0, L_000001a10d5415a0;  alias, 1 drivers
v000001a10d53fa90_0 .net "OUTCOME", 0 0, L_000001a10d542860;  alias, 1 drivers
v000001a10d53f3b0_0 .net "PREDICTION", 0 0, L_000001a10d4d8fd0;  alias, 1 drivers
v000001a10d540e90_0 .var "count", 0 0;
    .scope S_000001a10d4d48c0;
T_0 ;
    %wait E_000001a10d4c2e80;
    %load/vec4 v000001a10d540210_0;
    %flag_set/vec4 8;
    %jmp/0xz  T_0.0, 8;
    %pushi/vec4 0, 0, 1;
    %assign/vec4 v000001a10d53f1d0_0, 0;
    %jmp T_0.1;
T_0.0 ;
    %load/vec4 v000001a10d540a30_0;
    %flag_set/vec4 8;
    %jmp/0xz  T_0.2, 8;
    %load/vec4 v000001a10d53f1d0_0;
    %inv;
    %assign/vec4 v000001a10d53f1d0_0, 0;
T_0.2 ;
T_0.1 ;
    %jmp T_0;
    .thread T_0;
    .scope S_000001a10d4d0970;
T_1 ;
    %wait E_000001a10d4c2e80;
    %load/vec4 v000001a10d53f310_0;
    %flag_set/vec4 8;
    %jmp/0xz  T_1.0, 8;
    %pushi/vec4 0, 0, 1;
    %assign/vec4 v000001a10d540e90_0, 0;
    %jmp T_1.1;
T_1.0 ;
    %load/vec4 v000001a10d540670_0;
    %flag_set/vec4 8;
    %jmp/0xz  T_1.2, 8;
    %load/vec4 v000001a10d540e90_0;
    %inv;
    %assign/vec4 v000001a10d540e90_0, 0;
T_1.2 ;
T_1.1 ;
    %jmp T_1;
    .thread T_1;
    .scope S_000001a10d4d4a50;
T_2 ;
    %wait E_000001a10d4c3180;
    %load/vec4 v000001a10d53fef0_0;
    %dup/vec4;
    %pushi/vec4 1, 0, 3;
    %cmp/u;
    %jmp/1 T_2.0, 6;
    %dup/vec4;
    %pushi/vec4 2, 0, 3;
    %cmp/u;
    %jmp/1 T_2.1, 6;
    %pushi/vec4 0, 0, 1;
    %store/vec4 v000001a10d53ff90_0, 0, 1;
    %jmp T_2.3;
T_2.0 ;
    %load/vec4 v000001a10d53f950_0;
    %store/vec4 v000001a10d53ff90_0, 0, 1;
    %jmp T_2.3;
T_2.1 ;
    %load/vec4 v000001a10d53f810_0;
    %store/vec4 v000001a10d53ff90_0, 0, 1;
    %jmp T_2.3;
T_2.3 ;
    %pop/vec4 1;
    %jmp T_2;
    .thread T_2, $push;
    .scope S_000001a10d4c8140;
T_3 ;
    %wait E_000001a10d4c2e80;
    %load/vec4 v000001a10d4bc280_0;
    %flag_set/vec4 8;
    %jmp/0xz  T_3.0, 8;
    %pushi/vec4 0, 0, 16;
    %assign/vec4 v000001a10d4bc3c0_0, 0;
    %jmp T_3.1;
T_3.0 ;
    %load/vec4 v000001a10d4bc320_0;
    %flag_set/vec4 8;
    %jmp/0xz  T_3.2, 8;
    %load/vec4 v000001a10d4bc3c0_0;
    %cmpi/e 32767, 0, 16;
    %jmp/0xz  T_3.4, 4;
    %pushi/vec4 0, 0, 16;
    %assign/vec4 v000001a10d4bc3c0_0, 0;
    %jmp T_3.5;
T_3.4 ;
    %load/vec4 v000001a10d4bc3c0_0;
    %addi 1, 0, 16;
    %assign/vec4 v000001a10d4bc3c0_0, 0;
T_3.5 ;
T_3.2 ;
T_3.1 ;
    %jmp T_3;
    .thread T_3;
    .scope S_000001a10d4d6320;
T_4 ;
    %pushi/vec4 0, 0, 1;
    %store/vec4 v000001a10d5427c0_0, 0, 1;
    %pushi/vec4 0, 0, 1;
    %store/vec4 v000001a10d542a40_0, 0, 1;
    %pushi/vec4 0, 0, 3;
    %store/vec4 v000001a10d53fdb0_0, 0, 3;
    %pushi/vec4 0, 0, 1;
    %store/vec4 v000001a10d541b40_0, 0, 1;
    %end;
    .thread T_4;
    .scope S_000001a10d4d6320;
T_5 ;
    %delay 5, 0;
    %pushi/vec4 1, 0, 1;
    %assign/vec4 v000001a10d5427c0_0, 0;
    %delay 5, 0;
    %pushi/vec4 0, 0, 1;
    %assign/vec4 v000001a10d5427c0_0, 0;
    %jmp T_5;
    .thread T_5;
    .scope S_000001a10d4d6320;
T_6 ;
    %delay 15, 0;
    %pushi/vec4 1, 0, 1;
    %assign/vec4 v000001a10d542a40_0, 0;
    %delay 10, 0;
    %pushi/vec4 0, 0, 1;
    %assign/vec4 v000001a10d542a40_0, 0;
    %pushi/vec4 1, 0, 3;
    %assign/vec4 v000001a10d53fdb0_0, 0;
    %pushi/vec4 1, 0, 1;
    %assign/vec4 v000001a10d541b40_0, 0;
    %delay 10, 0;
    %pushi/vec4 2, 0, 3;
    %assign/vec4 v000001a10d53fdb0_0, 0;
    %pushi/vec4 1, 0, 1;
    %assign/vec4 v000001a10d541b40_0, 0;
    %delay 10, 0;
    %pushi/vec4 1, 0, 3;
    %assign/vec4 v000001a10d53fdb0_0, 0;
    %pushi/vec4 0, 0, 1;
    %assign/vec4 v000001a10d541b40_0, 0;
    %delay 10, 0;
    %pushi/vec4 1, 0, 3;
    %assign/vec4 v000001a10d53fdb0_0, 0;
    %pushi/vec4 0, 0, 1;
    %assign/vec4 v000001a10d541b40_0, 0;
    %delay 10, 0;
    %pushi/vec4 1, 0, 3;
    %assign/vec4 v000001a10d53fdb0_0, 0;
    %pushi/vec4 0, 0, 1;
    %assign/vec4 v000001a10d541b40_0, 0;
    %delay 10, 0;
    %pushi/vec4 2, 0, 3;
    %assign/vec4 v000001a10d53fdb0_0, 0;
    %pushi/vec4 0, 0, 1;
    %assign/vec4 v000001a10d541b40_0, 0;
    %delay 10, 0;
    %pushi/vec4 1, 0, 3;
    %assign/vec4 v000001a10d53fdb0_0, 0;
    %pushi/vec4 1, 0, 1;
    %assign/vec4 v000001a10d541b40_0, 0;
    %delay 10, 0;
    %pushi/vec4 1, 0, 3;
    %assign/vec4 v000001a10d53fdb0_0, 0;
    %pushi/vec4 1, 0, 1;
    %assign/vec4 v000001a10d541b40_0, 0;
    %delay 10, 0;
    %pushi/vec4 1, 0, 3;
    %assign/vec4 v000001a10d53fdb0_0, 0;
    %pushi/vec4 0, 0, 1;
    %assign/vec4 v000001a10d541b40_0, 0;
    %delay 10, 0;
    %pushi/vec4 1, 0, 3;
    %assign/vec4 v000001a10d53fdb0_0, 0;
    %pushi/vec4 0, 0, 1;
    %assign/vec4 v000001a10d541b40_0, 0;
    %delay 10, 0;
    %pushi/vec4 2, 0, 3;
    %assign/vec4 v000001a10d53fdb0_0, 0;
    %pushi/vec4 1, 0, 1;
    %assign/vec4 v000001a10d541b40_0, 0;
    %delay 10, 0;
    %pushi/vec4 1, 0, 3;
    %assign/vec4 v000001a10d53fdb0_0, 0;
    %pushi/vec4 0, 0, 1;
    %assign/vec4 v000001a10d541b40_0, 0;
    %delay 10, 0;
    %pushi/vec4 1, 0, 3;
    %assign/vec4 v000001a10d53fdb0_0, 0;
    %pushi/vec4 0, 0, 1;
    %assign/vec4 v000001a10d541b40_0, 0;
    %delay 10, 0;
    %pushi/vec4 2, 0, 3;
    %assign/vec4 v000001a10d53fdb0_0, 0;
    %pushi/vec4 1, 0, 1;
    %assign/vec4 v000001a10d541b40_0, 0;
    %delay 10, 0;
    %pushi/vec4 2, 0, 3;
    %assign/vec4 v000001a10d53fdb0_0, 0;
    %pushi/vec4 0, 0, 1;
    %assign/vec4 v000001a10d541b40_0, 0;
    %delay 10, 0;
    %pushi/vec4 1, 0, 3;
    %assign/vec4 v000001a10d53fdb0_0, 0;
    %pushi/vec4 0, 0, 1;
    %assign/vec4 v000001a10d541b40_0, 0;
    %delay 10, 0;
    %pushi/vec4 1, 0, 3;
    %assign/vec4 v000001a10d53fdb0_0, 0;
    %pushi/vec4 1, 0, 1;
    %assign/vec4 v000001a10d541b40_0, 0;
    %delay 10, 0;
    %pushi/vec4 1, 0, 3;
    %assign/vec4 v000001a10d53fdb0_0, 0;
    %pushi/vec4 0, 0, 1;
    %assign/vec4 v000001a10d541b40_0, 0;
    %delay 10, 0;
    %pushi/vec4 1, 0, 3;
    %assign/vec4 v000001a10d53fdb0_0, 0;
    %pushi/vec4 0, 0, 1;
    %assign/vec4 v000001a10d541b40_0, 0;
    %delay 10, 0;
    %vpi_call 2 154 "$finish" {0 0 0};
    %end;
    .thread T_6;
    .scope S_000001a10d4d6320;
T_7 ;
    %vpi_call 2 159 "$dumpfile", "tb_OneCounterPredictorTest.vcd" {0 0 0};
    %vpi_call 2 160 "$dumpvars" {0 0 0};
    %end;
    .thread T_7;
    .scope S_000001a10d4d6320;
T_8 ;
    %delay 150, 0;
    %vpi_call 2 166 "$finish" {0 0 0};
    %end;
    .thread T_8;
# The file index is used to find the file name in the following table.
:file_names 9;
    "N/A";
    "<interactive>";
    ".\tb_OneCounterPredictorTest.v";
    ".\OneCounterPredictor.v";
    ".\comparator.v";
    ".\counter.v";
    ".\demultiplexer.v";
    ".\counterOne.v";
    ".\Multiplexer.v";
